[debug] [2024-05-04T09:00:52.452Z] ----------------------------------------------------------------------
[debug] [2024-05-04T09:00:52.454Z] Command:       C:\Program Files\nodejs\node.exe C:\Users\91799\AppData\Roaming\npm\node_modules\firebase-tools\lib\bin\firebase.js init
[debug] [2024-05-04T09:00:52.455Z] CLI Version:   13.8.0
[debug] [2024-05-04T09:00:52.455Z] Platform:      win32
[debug] [2024-05-04T09:00:52.455Z] Node Version:  v21.4.0
[debug] [2024-05-04T09:00:52.455Z] Time:          Sat May 04 2024 14:30:52 GMT+0530 (India Standard Time)
[debug] [2024-05-04T09:00:52.455Z] ----------------------------------------------------------------------
[debug] 
[debug] [2024-05-04T09:00:52.458Z] >>> [apiv2][query] GET https://firebase-public.firebaseio.com/cli.json [none]
[debug] [2024-05-04T09:00:52.502Z] > command requires scopes: ["email","openid","https://www.googleapis.com/auth/cloudplatformprojects.readonly","https://www.googleapis.com/auth/firebase","https://www.googleapis.com/auth/cloud-platform"]
[debug] [2024-05-04T09:00:52.503Z] > authorizing via signed-in user (meetkshah3112@gmail.com)
[info] 
     ######## #### ########  ######## ########     ###     ######  ########
     ##        ##  ##     ## ##       ##     ##  ##   ##  ##       ##
     ######    ##  ########  ######   ########  #########  ######  ######
     ##        ##  ##    ##  ##       ##     ## ##     ##       ## ##
     ##       #### ##     ## ######## ########  ##     ##  ######  ########

You're about to initialize a Firebase project in this directory:

  C:\Users\91799\Desktop\portfolio

[debug] [2024-05-04T09:00:53.323Z] <<< [apiv2][status] GET https://firebase-public.firebaseio.com/cli.json 200
[debug] [2024-05-04T09:00:53.323Z] <<< [apiv2][body] GET https://firebase-public.firebaseio.com/cli.json {"cloudBuildErrorAfter":1594252800000,"cloudBuildWarnAfter":1590019200000,"defaultNode10After":1594252800000,"minVersion":"3.0.5","node8DeploysDisabledAfter":1613390400000,"node8RuntimeDisabledAfter":1615809600000,"node8WarnAfter":1600128000000}
